16:03:09.722 [main                     ] DEBUG Logger               - Configured Logger
16:03:09.735 [main                     ] DEBUG GameApplication      - Logging settings
Title: TOWER DEFENSE GAME
Version: 0.0
Width: 1920
Height: 800
Fullscreen: false
Intro: false
Profiling: false
Single step:false
App Mode: DEVELOPER
Menu Key: ESCAPE
Stage Style: DECORATED
Scene Factory: class com.almasb.fxgl.app.scene.SceneFactory

16:03:09.944 [JavaFX Application Thread] DEBUG FXGLApplication      - Initializing FXGL
16:03:09.947 [JavaFX Application Thread] INFO  Engine               - FXGL-11.12 (11.12.2020 08.51) on MAC (J:11.0.12 FX:16.0.2)
16:03:09.947 [JavaFX Application Thread] DEBUG Engine               - JRE Vendor Name: Azul Systems, Inc.
16:03:09.947 [JavaFX Application Thread] DEBUG Engine               - Running on OS: Mac OS X version 11.3.1
16:03:09.947 [JavaFX Application Thread] DEBUG Engine               - Architecture: aarch64
16:03:09.947 [JavaFX Application Thread] INFO  Engine               - Source code and latest versions at: https://github.com/AlmasB/FXGL
16:03:09.947 [JavaFX Application Thread] INFO  Engine               -              Join the FXGL chat at: https://gitter.im/AlmasB/FXGL
16:03:09.984 [JavaFX Application Thread] DEBUG MainWindow           - Creating a JavaFX scene
16:03:09.984 [JavaFX Application Thread] DEBUG MainWindow           - Target size > screen size
16:03:10.019 [JavaFX Application Thread] DEBUG MainWindow           - Target settings size: 1920.0 x 800.0
16:03:10.019 [JavaFX Application Thread] DEBUG MainWindow           - Scaled scene size:    1415.0 x 600.0
16:03:10.019 [JavaFX Application Thread] DEBUG MainWindow           - Scaled ratio: (0.7369791666666666, 0.75)
16:03:10.019 [JavaFX Application Thread] DEBUG MainWindow           - Set initial scene to StartupScene
16:03:10.022 [JavaFX Application Thread] DEBUG MainWindow           - Opening main window
16:03:10.060 [JavaFX Application Thread] DEBUG MainWindow           - Window border size: (0.0, 28.0)
16:03:10.060 [JavaFX Application Thread] DEBUG MainWindow           - Scaled size: 1415.0 x 600.0
16:03:10.060 [JavaFX Application Thread] DEBUG MainWindow           - Scaled ratio: (0.7369791666666666, 0.7369791666666666)
16:03:10.060 [JavaFX Application Thread] DEBUG MainWindow           - Scene size: 1415.0 x 600.0
16:03:10.060 [JavaFX Application Thread] DEBUG MainWindow           - Stage size: 1415.0 x 628.0
16:03:10.064 [FXGL Background Thread 1 ] DEBUG Engine               - Initializing environment variables
16:03:10.084 [FXGL Background Thread 1 ] DEBUG GameApplicationServi - Applying CSS: fxgl_dark.css
16:03:10.085 [FXGL Background Thread 1 ] DEBUG FXGLAssetLoaderServi - Loading from file system: /assets/ui/css/fxgl_dark.css
16:03:10.109 [FXGL Background Thread 1 ] DEBUG GameApplicationServi - Initializing application scenes
16:03:10.345 [FXGL Background Thread 1 ] DEBUG GameWorld            - Game world initialized
16:03:10.375 [FXGL Background Thread 1 ] DEBUG PhysicsWorld         - Physics world initialized: appHeight=800, physics.ppm=50.0
16:03:10.376 [FXGL Background Thread 1 ] DEBUG GameScene            - Game scene initialized: 1920x800
16:03:10.391 [FXGL Background Thread 1 ] DEBUG FXGLAssetLoaderServi - Loading from file system: /assets/textures/particles/trace_horizontal.png
16:03:10.413 [FXGL Background Thread 1 ] DEBUG FXGL.DefaultMenu     - createMenuBodyGameMenu()
16:03:10.419 [FXGL Background Thread 1 ] DEBUG FXGL.DefaultMenu     - createOptionsMenu()
16:03:10.422 [FXGL Background Thread 1 ] DEBUG FXGLAssetLoaderServi - Loading from file system: /assets/textures/particles/smoke.png
16:03:10.453 [FXGL Background Thread 1 ] DEBUG GameApplicationServi - Application scenes initialized
16:03:10.458 [FXGL Background Thread 1 ] DEBUG SystemBundleService  - Loading FXGL system data
16:03:10.461 [FXGL Background Thread 1 ] DEBUG FileSystemAccess     - Reading from: /Users/surabhishetty/Desktop/tower-defense-team/system/fxgl.bundle
16:03:10.464 [FXGL Background Thread 1 ] DEBUG SystemBundleService  - Bundle FXGL: {}
16:03:10.464 [FXGL Background Thread 1 ] DEBUG UpdaterService       - Checking for updates
16:03:10.466 [FXGL Background Thread 4 ] DEBUG FXGLApplication      - Loading fonts
16:03:10.467 [FXGL Background Thread 4 ] DEBUG FXGLAssetLoaderServi - Loading from file system: /assets/ui/fonts/VarelaRound-Regular.ttf
16:03:10.467 [FXGL Background Thread 1 ] DEBUG FXGLApplication      - Loading default localization
16:03:10.467 [FXGL Background Thread 1 ] DEBUG FXGLAssetLoaderServi - Loading from file system: /assets/languages/english.lang
16:03:10.480 [FXGL Background Thread 1 ] INFO  FXGLApplication      - FXGL initialization took: 0.416 sec
16:03:10.485 [FXGL Background Thread 4 ] DEBUG FXGLAssetLoaderServi - Loading from file system: /assets/ui/fonts/Abel-Regular.ttf
16:03:10.486 [JavaFX Application Thread] DEBUG Input                - Registered new binding: Move Right - D
16:03:10.486 [JavaFX Application Thread] DEBUG Input                - Registered new binding: Move Left - A
16:03:10.486 [JavaFX Application Thread] DEBUG Input                - Registered new binding: Shoot - Space
16:03:10.486 [JavaFX Application Thread] DEBUG Input                - Registered new binding: ALIENShoot - L
16:03:10.486 [JavaFX Application Thread] DEBUG Input                - Registered new binding: Move Monument Up - Up
16:03:10.486 [JavaFX Application Thread] DEBUG Input                - Registered new binding: Move Monument Down - Down
16:03:10.486 [JavaFX Application Thread] DEBUG Input                - Registered new binding: Move Monument Left - Left
16:03:10.486 [JavaFX Application Thread] DEBUG Input                - Registered new binding: Move Monument Right - Right
16:03:10.486 [JavaFX Application Thread] DEBUG Input                - Registered new binding: Press Enter - Enter
16:03:10.486 [JavaFX Application Thread] DEBUG FXGLAssetLoaderServi - Loading from file system: /assets/textures/fxgl_icon.png
16:03:10.487 [FXGL Background Thread 4 ] DEBUG FXGLAssetLoaderServi - Loading from file system: /assets/ui/fonts/lucida_console.ttf
16:03:10.489 [FXGL Background Thread 4 ] DEBUG FXGLAssetLoaderServi - Loading from file system: /assets/ui/fonts/Courier-Prime.ttf
16:03:10.501 [JavaFX Application Thread] DEBUG FXGLAssetLoaderServi - Loading from file system: /assets/ui/cursors/fxgl_default.png
16:03:10.502 [JavaFX Application Thread] DEBUG Input                - Registered new binding: Screenshot - P
16:03:10.502 [JavaFX Application Thread] DEBUG Input                - Registered new binding: System info dump - CTRL+9
16:03:10.502 [JavaFX Application Thread] DEBUG Input                - Registered new binding: Restart - CTRL+R
16:03:10.502 [JavaFX Application Thread] DEBUG Input                - Registered new binding: Toggle Debug Camera - CTRL+C
16:03:10.504 [JavaFX Application Thread] DEBUG LoopRunner           - Starting loop
16:03:10.504 [JavaFX Application Thread] DEBUG GameApplicationServi - Starting new game
16:03:10.504 [JavaFX Application Thread] DEBUG Input                - Clearing active input actions
16:03:10.509 [JavaFX Application Thread] DEBUG GameApplicationServi - Removing overlay from StartupScene and adding to FXGLLoadingScene
16:03:10.509 [JavaFX Application Thread] DEBUG MainWindow           - StartupScene -> FXGLLoadingScene
16:03:10.509 [JavaFX Application Thread] DEBUG GameApplicationServi - Clearing previous game
16:03:10.509 [JavaFX Application Thread] DEBUG GameScene            - Clearing game scene
16:03:10.509 [JavaFX Application Thread] DEBUG GameWorld            - Clearing game world
16:03:10.509 [JavaFX Application Thread] DEBUG PhysicsWorld         - Clearing physics world
16:03:10.510 [FXGL Background Thread 4 ] DEBUG FXGLApplication      - Initializing game
16:03:10.518 [JavaFX Application Thread] DEBUG FXGLApplication      - Registering font factories with UI factory
16:03:10.529 [FXGL Background Thread 4 ] INFO  FXGLApplication      - Game initialization took: 0.019 sec
16:03:10.539 [JavaFX Application Thread] DEBUG Input                - Clearing active input actions
16:03:10.543 [JavaFX Application Thread] DEBUG GameApplicationServi - Removing overlay from FXGLLoadingScene and adding to GameScene
16:03:10.543 [JavaFX Application Thread] DEBUG MainWindow           - FXGLLoadingScene -> GameScene
16:03:11.118 [FXGL Background Thread 2 ] INFO  UpdaterService       - Your current version:  11.12
16:03:11.119 [FXGL Background Thread 2 ] INFO  UpdaterService       - Latest stable version: 11.17
16:03:11.199 [JavaFX Application Thread] DEBUG MainWindow           - Push state: DialogSubScene
16:03:11.199 [JavaFX Application Thread] DEBUG Input                - Clearing active input actions
16:03:11.201 [JavaFX Application Thread] DEBUG GameApplicationServi - Removing overlay from GameScene and adding to DialogSubScene
16:03:11.201 [JavaFX Application Thread] DEBUG MainWindow           - GameScene -> DialogSubScene
16:03:12.117 [JavaFX Application Thread] DEBUG MainWindow           - Pop state: DialogSubScene
16:03:12.118 [JavaFX Application Thread] DEBUG Input                - Clearing active input actions
16:03:12.119 [JavaFX Application Thread] DEBUG GameApplicationServi - Removing overlay from DialogSubScene and adding to GameScene
16:03:12.119 [JavaFX Application Thread] DEBUG MainWindow           - GameScene <- DialogSubScene
16:03:12.835 [JavaFX Application Thread] DEBUG FXGLAssetLoaderServi - Loading from file system: /assets/textures/monuments/monument1.png
16:03:12.866 [JavaFX Application Thread] DEBUG FXGLAssetLoaderServi - Loading from file system: /assets/textures/monuments/monument2.png
16:03:12.881 [JavaFX Application Thread] DEBUG FXGLAssetLoaderServi - Loading from file system: /assets/textures/monuments/monument3.png
16:03:12.896 [JavaFX Application Thread] DEBUG FXGLAssetLoaderServi - Loading from file system: /assets/textures//icons/coin-icon.png
16:03:12.901 [JavaFX Application Thread] DEBUG FXGLAssetLoaderServi - Loading from cache: /assets/textures//icons/coin-icon.png@20.0x20.0
16:03:12.902 [JavaFX Application Thread] DEBUG FXGLAssetLoaderServi - Loading from cache: /assets/textures//icons/coin-icon.png@20.0x20.0
16:03:13.471 [FXGL Background Thread 3 ] DEBUG Engine               - Logging environment variables
16:03:13.473 [FXGL Background Thread 3 ] DEBUG Engine               - achievements: []
16:03:13.473 [FXGL Background Thread 3 ] DEBUG Engine               - actualHeight: 600.0
16:03:13.474 [FXGL Background Thread 3 ] DEBUG Engine               - actualHeightProperty: ReadOnlyDoubleProperty [value: 600.0]
16:03:13.474 [FXGL Background Thread 3 ] DEBUG Engine               - actualWidth: 1415.0
16:03:13.474 [FXGL Background Thread 3 ] DEBUG Engine               - actualWidthProperty: ReadOnlyDoubleProperty [value: 1415.0]
16:03:13.474 [FXGL Background Thread 3 ] DEBUG Engine               - appIcon: fxgl_icon.png
16:03:13.474 [FXGL Background Thread 3 ] DEBUG Engine               - applicationMode: DEVELOPER
16:03:13.474 [FXGL Background Thread 3 ] DEBUG Engine               - cSSList: [fxgl_dark.css]
16:03:13.474 [FXGL Background Thread 3 ] DEBUG Engine               - configClass: Optional.empty
16:03:13.474 [FXGL Background Thread 3 ] DEBUG Engine               - credits: []
16:03:13.474 [FXGL Background Thread 3 ] DEBUG Engine               - devBBoxColorProperty: ObjectProperty [value: 0xff0000ff]
16:03:13.475 [FXGL Background Thread 3 ] DEBUG Engine               - devEnableDebugCameraProperty: BooleanProperty [value: false]
16:03:13.475 [FXGL Background Thread 3 ] DEBUG Engine               - devSensorColorProperty: ObjectProperty [value: 0xffff00ff]
16:03:13.475 [FXGL Background Thread 3 ] DEBUG Engine               - devShowBBoxProperty: BooleanProperty [value: false]
16:03:13.475 [FXGL Background Thread 3 ] DEBUG Engine               - devShowPositionProperty: BooleanProperty [value: false]
16:03:13.475 [FXGL Background Thread 3 ] DEBUG Engine               - enabledMenuItems: []
16:03:13.475 [FXGL Background Thread 3 ] DEBUG Engine               - engineServices: [class com.almasb.fxgl.app.FXGLApplication$GameApplicationService, class com.almasb.fxgl.app.services.FXGLDialogService, class com.almasb.fxgl.app.services.IOTaskExecutorService, class com.almasb.fxgl.event.EventBusService, class com.almasb.fxgl.io.FileSystemService, class com.almasb.fxgl.localization.LocalizationService, class com.almasb.fxgl.app.services.FXGLAssetLoaderService, class com.almasb.fxgl.app.services.SystemBundleService, class com.almasb.fxgl.profile.SaveLoadService, class com.almasb.fxgl.ui.FXGLUIFactoryServiceProvider, class com.almasb.fxgl.ui.FXGLDialogFactoryServiceProvider, class com.almasb.fxgl.audio.AudioPlayer, class com.almasb.fxgl.notification.impl.NotificationServiceProvider, class com.almasb.fxgl.achievement.AchievementService, class com.almasb.fxgl.cutscene.CutsceneService, class com.almasb.fxgl.minigames.MiniGameService, class com.almasb.fxgl.net.NetService, class com.almasb.fxgl.app.services.UpdaterService, class com.almasb.fxgl.dev.DevService]
16:03:13.475 [FXGL Background Thread 3 ] DEBUG Engine               - fontGame: Abel-Regular.ttf
16:03:13.475 [FXGL Background Thread 3 ] DEBUG Engine               - fontMono: lucida_console.ttf
16:03:13.475 [FXGL Background Thread 3 ] DEBUG Engine               - fontText: Courier-Prime.ttf
16:03:13.475 [FXGL Background Thread 3 ] DEBUG Engine               - fontUI: VarelaRound-Regular.ttf
16:03:13.475 [FXGL Background Thread 3 ] DEBUG Engine               - fullScreen: BooleanProperty [value: false]
16:03:13.476 [FXGL Background Thread 3 ] DEBUG Engine               - gameDifficulty: MEDIUM
16:03:13.476 [FXGL Background Thread 3 ] DEBUG Engine               - gameDifficultyProperty: ObjectProperty [value: MEDIUM]
16:03:13.476 [FXGL Background Thread 3 ] DEBUG Engine               - globalMusicVolume: 0.5
16:03:13.476 [FXGL Background Thread 3 ] DEBUG Engine               - globalMusicVolumeProperty: DoubleProperty [value: 0.5]
16:03:13.476 [FXGL Background Thread 3 ] DEBUG Engine               - globalSoundVolume: 0.5
16:03:13.476 [FXGL Background Thread 3 ] DEBUG Engine               - globalSoundVolumeProperty: DoubleProperty [value: 0.5]
16:03:13.476 [FXGL Background Thread 3 ] DEBUG Engine               - height: 800
16:03:13.476 [FXGL Background Thread 3 ] DEBUG Engine               - isAndroid: false
16:03:13.476 [FXGL Background Thread 3 ] DEBUG Engine               - isBrowser: false
16:03:13.476 [FXGL Background Thread 3 ] DEBUG Engine               - isClickFeedbackEnabled: false
16:03:13.476 [FXGL Background Thread 3 ] DEBUG Engine               - isCloseConfirmation: false
16:03:13.476 [FXGL Background Thread 3 ] DEBUG Engine               - isDesktop: true
16:03:13.476 [FXGL Background Thread 3 ] DEBUG Engine               - isDeveloperMenuEnabled: false
16:03:13.476 [FXGL Background Thread 3 ] DEBUG Engine               - isEntityPreloadEnabled: true
16:03:13.477 [FXGL Background Thread 3 ] DEBUG Engine               - isExperimental3D: false
16:03:13.478 [FXGL Background Thread 3 ] DEBUG Engine               - isExperimentalNative: false
16:03:13.478 [FXGL Background Thread 3 ] DEBUG Engine               - isExperimentalTiledLargeMap: false
16:03:13.478 [FXGL Background Thread 3 ] DEBUG Engine               - isFileSystemWriteAllowed: true
16:03:13.478 [FXGL Background Thread 3 ] DEBUG Engine               - isFullScreenAllowed: false
16:03:13.478 [FXGL Background Thread 3 ] DEBUG Engine               - isFullScreenFromStart: false
16:03:13.478 [FXGL Background Thread 3 ] DEBUG Engine               - isGameMenuEnabled: true
16:03:13.478 [FXGL Background Thread 3 ] DEBUG Engine               - isIOS: false
16:03:13.478 [FXGL Background Thread 3 ] DEBUG Engine               - isIntroEnabled: false
16:03:13.478 [FXGL Background Thread 3 ] DEBUG Engine               - isLinux: false
16:03:13.478 [FXGL Background Thread 3 ] DEBUG Engine               - isMac: true
16:03:13.478 [FXGL Background Thread 3 ] DEBUG Engine               - isMainMenuEnabled: false
16:03:13.478 [FXGL Background Thread 3 ] DEBUG Engine               - isManualResizeEnabled: true
16:03:13.478 [FXGL Background Thread 3 ] DEBUG Engine               - isMobile: false
16:03:13.478 [FXGL Background Thread 3 ] DEBUG Engine               - isPreserveResizeRatio: true
16:03:13.478 [FXGL Background Thread 3 ] DEBUG Engine               - isProfilingEnabled: false
16:03:13.478 [FXGL Background Thread 3 ] DEBUG Engine               - isScaleAffectedOnResize: true
16:03:13.479 [FXGL Background Thread 3 ] DEBUG Engine               - isSingleStep: false
16:03:13.479 [FXGL Background Thread 3 ] DEBUG Engine               - isUserProfileEnabled: false
16:03:13.479 [FXGL Background Thread 3 ] DEBUG Engine               - isWindows: false
16:03:13.479 [FXGL Background Thread 3 ] DEBUG Engine               - language: ObjectProperty [value: ENGLISH]
16:03:13.479 [FXGL Background Thread 3 ] DEBUG Engine               - menuKey: ESCAPE
16:03:13.479 [FXGL Background Thread 3 ] DEBUG Engine               - notificationViewClass: class com.almasb.fxgl.notification.view.XboxNotificationView
16:03:13.479 [FXGL Background Thread 3 ] DEBUG Engine               - pixelsPerMeter: 50.0
16:03:13.479 [FXGL Background Thread 3 ] DEBUG Engine               - platform: MAC
16:03:13.479 [FXGL Background Thread 3 ] DEBUG Engine               - prefHeightProperty: ReadOnlyDoubleProperty [value: 800.0]
16:03:13.479 [FXGL Background Thread 3 ] DEBUG Engine               - prefWidthProperty: ReadOnlyDoubleProperty [value: 1920.0]
16:03:13.479 [FXGL Background Thread 3 ] DEBUG Engine               - profileDir: profiles/
16:03:13.479 [FXGL Background Thread 3 ] DEBUG Engine               - profileName: StringProperty [value: DEFAULT]
16:03:13.480 [FXGL Background Thread 3 ] DEBUG Engine               - randomSeed: -1
16:03:13.480 [FXGL Background Thread 3 ] DEBUG Engine               - runtimeInfo: RuntimeInfo(platform=MAC, version=11.12, build=11.12.2020 08.51)
16:03:13.480 [FXGL Background Thread 3 ] DEBUG Engine               - saveFileExt: sav
16:03:13.480 [FXGL Background Thread 3 ] DEBUG Engine               - scaledHeightProp$fxgl: DoubleProperty [bound, value: 600.0]
16:03:13.480 [FXGL Background Thread 3 ] DEBUG Engine               - scaledWidthProp$fxgl: DoubleProperty [bound, value: 1415.0]
16:03:13.480 [FXGL Background Thread 3 ] DEBUG Engine               - sceneFactory: com.almasb.fxgl.app.scene.SceneFactory@7892c51e
16:03:13.480 [FXGL Background Thread 3 ] DEBUG Engine               - secondsIn24h: 60
16:03:13.480 [FXGL Background Thread 3 ] DEBUG Engine               - soundMenuBack: menu/back.wav
16:03:13.480 [FXGL Background Thread 3 ] DEBUG Engine               - soundMenuPress: menu/press.wav
16:03:13.480 [FXGL Background Thread 3 ] DEBUG Engine               - soundMenuSelect: menu/select.wav
16:03:13.480 [FXGL Background Thread 3 ] DEBUG Engine               - soundNotification: core/notification.wav
16:03:13.480 [FXGL Background Thread 3 ] DEBUG Engine               - stageStyle: DECORATED
16:03:13.480 [FXGL Background Thread 3 ] DEBUG Engine               - supportedLanguages: [ENGLISH, FRENCH, GERMAN, HUNGARIAN, RUSSIAN]
16:03:13.480 [FXGL Background Thread 3 ] DEBUG Engine               - title: TOWER DEFENSE GAME
16:03:13.480 [FXGL Background Thread 3 ] DEBUG Engine               - urlGithub: https://github.com/AlmasB/FXGL
16:03:13.481 [FXGL Background Thread 3 ] DEBUG Engine               - urlLeaderboard: http://fxgl-top.herokuapp.com/
16:03:13.481 [FXGL Background Thread 3 ] DEBUG Engine               - urlPOM: https://raw.githubusercontent.com/AlmasB/FXGL/master/README.md
16:03:13.481 [FXGL Background Thread 3 ] DEBUG Engine               - version: 0.0
16:03:13.481 [FXGL Background Thread 3 ] DEBUG Engine               - versionCheckDays: 7
16:03:13.481 [FXGL Background Thread 3 ] DEBUG Engine               - width: 1920
16:03:13.481 [FXGL Background Thread 3 ] DEBUG Engine               - Logging services
16:03:13.481 [FXGL Background Thread 3 ] DEBUG Engine               - class com.almasb.fxgl.app.FXGLApplication$GameApplicationService
16:03:13.481 [FXGL Background Thread 3 ] DEBUG Engine               - class com.almasb.fxgl.app.services.FXGLDialogService
16:03:13.481 [FXGL Background Thread 3 ] DEBUG Engine               - class com.almasb.fxgl.app.services.IOTaskExecutorService
16:03:13.481 [FXGL Background Thread 3 ] DEBUG Engine               - class com.almasb.fxgl.event.EventBusService
16:03:13.481 [FXGL Background Thread 3 ] DEBUG Engine               - class com.almasb.fxgl.io.FileSystemService
16:03:13.481 [FXGL Background Thread 3 ] DEBUG Engine               - class com.almasb.fxgl.localization.LocalizationService
16:03:13.481 [FXGL Background Thread 3 ] DEBUG Engine               - class com.almasb.fxgl.app.services.FXGLAssetLoaderService
16:03:13.481 [FXGL Background Thread 3 ] DEBUG Engine               - class com.almasb.fxgl.app.services.SystemBundleService
16:03:13.481 [FXGL Background Thread 3 ] DEBUG Engine               - class com.almasb.fxgl.profile.SaveLoadService
16:03:13.481 [FXGL Background Thread 3 ] DEBUG Engine               - class com.almasb.fxgl.ui.FXGLUIFactoryServiceProvider
16:03:13.481 [FXGL Background Thread 3 ] DEBUG Engine               - class com.almasb.fxgl.ui.FXGLDialogFactoryServiceProvider
16:03:13.481 [FXGL Background Thread 3 ] DEBUG Engine               - class com.almasb.fxgl.audio.AudioPlayer
16:03:13.481 [FXGL Background Thread 3 ] DEBUG Engine               - class com.almasb.fxgl.notification.impl.NotificationServiceProvider
16:03:13.481 [FXGL Background Thread 3 ] DEBUG Engine               - class com.almasb.fxgl.achievement.AchievementService
16:03:13.481 [FXGL Background Thread 3 ] DEBUG Engine               - class com.almasb.fxgl.cutscene.CutsceneService
16:03:13.481 [FXGL Background Thread 3 ] DEBUG Engine               - class com.almasb.fxgl.minigames.MiniGameService
16:03:13.481 [FXGL Background Thread 3 ] DEBUG Engine               - class com.almasb.fxgl.net.NetService
16:03:13.482 [FXGL Background Thread 3 ] DEBUG Engine               - class com.almasb.fxgl.app.services.UpdaterService
16:03:13.482 [FXGL Background Thread 3 ] DEBUG Engine               - class com.almasb.fxgl.dev.DevService
16:03:13.699 [JavaFX Application Thread] DEBUG FXGLAssetLoaderServi - Loading from file system: /assets/textures/monuments/player_tower.png
16:03:13.711 [JavaFX Application Thread] DEBUG FXGLAssetLoaderServi - Loading from file system: /assets/textures/monuments/enemy_tower.png
16:03:13.715 [JavaFX Application Thread] DEBUG FXGLAssetLoaderServi - Loading from file system: /assets/textures/desert/01_Sky.png
16:03:13.742 [JavaFX Application Thread] DEBUG FXGLAssetLoaderServi - Loading from file system: /assets/textures/desert/02_Stars.png
16:03:13.758 [JavaFX Application Thread] DEBUG FXGLAssetLoaderServi - Loading from file system: /assets/textures/desert/03_Moon.png
16:03:13.775 [JavaFX Application Thread] DEBUG FXGLAssetLoaderServi - Loading from file system: /assets/textures/desert/04_Cloud.png
16:03:13.791 [JavaFX Application Thread] DEBUG FXGLAssetLoaderServi - Loading from file system: /assets/textures/desert/05_Cloud.png
16:03:13.805 [JavaFX Application Thread] DEBUG FXGLAssetLoaderServi - Loading from file system: /assets/textures/desert/06_Cloud.png
16:03:13.819 [JavaFX Application Thread] DEBUG FXGLAssetLoaderServi - Loading from file system: /assets/textures/desert/07_Cloud.png
16:03:13.837 [JavaFX Application Thread] DEBUG FXGLAssetLoaderServi - Loading from file system: /assets/textures/desert/08_Cloud.png
16:03:13.852 [JavaFX Application Thread] DEBUG FXGLAssetLoaderServi - Loading from file system: /assets/textures/desert/09_Cloudsmall.png
16:03:13.864 [JavaFX Application Thread] DEBUG FXGLAssetLoaderServi - Loading from file system: /assets/textures/desert/10_Cloudsmall.png
16:03:13.875 [JavaFX Application Thread] DEBUG FXGLAssetLoaderServi - Loading from file system: /assets/textures/desert/11_Mountains.png
16:03:13.898 [JavaFX Application Thread] DEBUG FXGLAssetLoaderServi - Loading from file system: /assets/textures/desert/12_Desert.png
16:03:13.927 [JavaFX Application Thread] DEBUG FXGLAssetLoaderServi - Loading from cache: /assets/textures//icons/coin-icon.png@20.0x20.0
16:03:13.928 [JavaFX Application Thread] DEBUG FXGLAssetLoaderServi - Loading from cache: /assets/textures/monuments/player_tower.png
16:03:13.929 [JavaFX Application Thread] DEBUG FXGLAssetLoaderServi - Loading from cache: /assets/textures/monuments/enemy_tower.png
16:03:13.929 [JavaFX Application Thread] DEBUG Input                - Registered new binding: Unlock tower - X
16:03:13.929 [JavaFX Application Thread] DEBUG FXGLAssetLoaderServi - Loading from file system: /assets/textures/monuments/monument3.png
16:03:19.266 [JavaFX Application Thread] DEBUG FXGLApplication      - Exiting FXGL
16:03:19.266 [JavaFX Application Thread] DEBUG LoopRunner           - Stopping loop
16:03:19.266 [JavaFX Application Thread] DEBUG SystemBundleService  - Saving FXGL system data
16:03:19.268 [JavaFX Application Thread] DEBUG FileSystemAccess     - Writing to: /Users/surabhishetty/Desktop/tower-defense-team/system/fxgl.bundle
16:03:19.269 [JavaFX Application Thread] DEBUG Async                - Shutting down background threads
16:03:19.269 [JavaFX Application Thread] DEBUG MainWindow           - Closing main window
16:03:19.273 [JavaFX Application Thread] DEBUG Logger               - Closing Logger
