15:50:47.824 [main                     ] DEBUG Logger               - Configured Logger
15:50:47.838 [main                     ] DEBUG GameApplication      - Logging settings
Title: TOWER DEFENSE GAME
Version: 0.0
Width: 1920
Height: 800
Fullscreen: false
Intro: false
Profiling: false
Single step:false
App Mode: DEVELOPER
Menu Key: ESCAPE
Stage Style: DECORATED
Scene Factory: class com.almasb.fxgl.app.scene.SceneFactory

15:50:48.077 [JavaFX Application Thread] DEBUG FXGLApplication      - Initializing FXGL
15:50:48.079 [JavaFX Application Thread] INFO  Engine               - FXGL-11.12 (11.12.2020 08.51) on MAC (J:11.0.12 FX:16.0.2)
15:50:48.079 [JavaFX Application Thread] DEBUG Engine               - JRE Vendor Name: Azul Systems, Inc.
15:50:48.079 [JavaFX Application Thread] DEBUG Engine               - Running on OS: Mac OS X version 11.3.1
15:50:48.079 [JavaFX Application Thread] DEBUG Engine               - Architecture: aarch64
15:50:48.079 [JavaFX Application Thread] INFO  Engine               - Source code and latest versions at: https://github.com/AlmasB/FXGL
15:50:48.079 [JavaFX Application Thread] INFO  Engine               -              Join the FXGL chat at: https://gitter.im/AlmasB/FXGL
15:50:48.119 [JavaFX Application Thread] DEBUG MainWindow           - Creating a JavaFX scene
15:50:48.119 [JavaFX Application Thread] DEBUG MainWindow           - Target size > screen size
15:50:48.155 [JavaFX Application Thread] DEBUG MainWindow           - Target settings size: 1920.0 x 800.0
15:50:48.156 [JavaFX Application Thread] DEBUG MainWindow           - Scaled scene size:    1415.0 x 600.0
15:50:48.156 [JavaFX Application Thread] DEBUG MainWindow           - Scaled ratio: (0.7369791666666666, 0.75)
15:50:48.156 [JavaFX Application Thread] DEBUG MainWindow           - Set initial scene to StartupScene
15:50:48.159 [JavaFX Application Thread] DEBUG MainWindow           - Opening main window
15:50:48.205 [JavaFX Application Thread] DEBUG MainWindow           - Window border size: (0.0, 28.0)
15:50:48.205 [JavaFX Application Thread] DEBUG MainWindow           - Scaled size: 1415.0 x 600.0
15:50:48.205 [JavaFX Application Thread] DEBUG MainWindow           - Scaled ratio: (0.7369791666666666, 0.7369791666666666)
15:50:48.206 [JavaFX Application Thread] DEBUG MainWindow           - Scene size: 1415.0 x 600.0
15:50:48.206 [JavaFX Application Thread] DEBUG MainWindow           - Stage size: 1415.0 x 628.0
15:50:48.209 [FXGL Background Thread 1 ] DEBUG Engine               - Initializing environment variables
15:50:48.233 [FXGL Background Thread 1 ] DEBUG GameApplicationServi - Applying CSS: fxgl_dark.css
15:50:48.234 [FXGL Background Thread 1 ] DEBUG FXGLAssetLoaderServi - Loading from file system: /assets/ui/css/fxgl_dark.css
15:50:48.259 [FXGL Background Thread 1 ] DEBUG GameApplicationServi - Initializing application scenes
15:50:48.512 [FXGL Background Thread 1 ] DEBUG GameWorld            - Game world initialized
15:50:48.554 [FXGL Background Thread 1 ] DEBUG PhysicsWorld         - Physics world initialized: appHeight=800, physics.ppm=50.0
15:50:48.556 [FXGL Background Thread 1 ] DEBUG GameScene            - Game scene initialized: 1920x800
15:50:48.575 [FXGL Background Thread 1 ] DEBUG FXGLAssetLoaderServi - Loading from file system: /assets/textures/particles/trace_horizontal.png
15:50:48.599 [FXGL Background Thread 1 ] DEBUG FXGL.DefaultMenu     - createMenuBodyGameMenu()
15:50:48.606 [FXGL Background Thread 1 ] DEBUG FXGL.DefaultMenu     - createOptionsMenu()
15:50:48.608 [FXGL Background Thread 1 ] DEBUG FXGLAssetLoaderServi - Loading from file system: /assets/textures/particles/smoke.png
15:50:48.642 [FXGL Background Thread 1 ] DEBUG GameApplicationServi - Application scenes initialized
15:50:48.648 [FXGL Background Thread 1 ] DEBUG SystemBundleService  - Loading FXGL system data
15:50:48.649 [FXGL Background Thread 1 ] DEBUG FileSystemAccess     - Reading from: /Users/surabhishetty/Desktop/tower-defense-team/system/fxgl.bundle
15:50:48.651 [FXGL Background Thread 1 ] DEBUG SystemBundleService  - Bundle FXGL: {}
15:50:48.651 [FXGL Background Thread 1 ] DEBUG UpdaterService       - Checking for updates
15:50:48.653 [FXGL Background Thread 1 ] DEBUG FXGLApplication      - Loading default localization
15:50:48.653 [FXGL Background Thread 1 ] DEBUG FXGLAssetLoaderServi - Loading from file system: /assets/languages/english.lang
15:50:48.653 [FXGL Background Thread 4 ] DEBUG FXGLApplication      - Loading fonts
15:50:48.654 [FXGL Background Thread 4 ] DEBUG FXGLAssetLoaderServi - Loading from file system: /assets/ui/fonts/VarelaRound-Regular.ttf
15:50:48.663 [FXGL Background Thread 1 ] INFO  FXGLApplication      - FXGL initialization took: 0.454 sec
15:50:48.669 [JavaFX Application Thread] DEBUG Input                - Registered new binding: Move Right - D
15:50:48.669 [JavaFX Application Thread] DEBUG Input                - Registered new binding: Move Left - A
15:50:48.669 [JavaFX Application Thread] DEBUG Input                - Registered new binding: Shoot - Space
15:50:48.669 [JavaFX Application Thread] DEBUG Input                - Registered new binding: ALIENShoot - L
15:50:48.669 [JavaFX Application Thread] DEBUG Input                - Registered new binding: Move Monument Up - Up
15:50:48.669 [JavaFX Application Thread] DEBUG Input                - Registered new binding: Move Monument Down - Down
15:50:48.669 [JavaFX Application Thread] DEBUG Input                - Registered new binding: Move Monument Left - Left
15:50:48.669 [JavaFX Application Thread] DEBUG Input                - Registered new binding: Move Monument Right - Right
15:50:48.669 [JavaFX Application Thread] DEBUG Input                - Registered new binding: Press Enter - Enter
15:50:48.670 [JavaFX Application Thread] DEBUG FXGLAssetLoaderServi - Loading from file system: /assets/textures/fxgl_icon.png
15:50:48.670 [FXGL Background Thread 4 ] DEBUG FXGLAssetLoaderServi - Loading from file system: /assets/ui/fonts/Abel-Regular.ttf
15:50:48.672 [FXGL Background Thread 4 ] DEBUG FXGLAssetLoaderServi - Loading from file system: /assets/ui/fonts/lucida_console.ttf
15:50:48.679 [FXGL Background Thread 4 ] DEBUG FXGLAssetLoaderServi - Loading from file system: /assets/ui/fonts/Courier-Prime.ttf
15:50:48.703 [JavaFX Application Thread] DEBUG FXGLAssetLoaderServi - Loading from file system: /assets/ui/cursors/fxgl_default.png
15:50:48.707 [JavaFX Application Thread] DEBUG Input                - Registered new binding: Screenshot - P
15:50:48.707 [JavaFX Application Thread] DEBUG Input                - Registered new binding: System info dump - CTRL+9
15:50:48.707 [JavaFX Application Thread] DEBUG Input                - Registered new binding: Restart - CTRL+R
15:50:48.708 [JavaFX Application Thread] DEBUG Input                - Registered new binding: Toggle Debug Camera - CTRL+C
15:50:48.709 [JavaFX Application Thread] DEBUG LoopRunner           - Starting loop
15:50:48.710 [JavaFX Application Thread] DEBUG GameApplicationServi - Starting new game
15:50:48.710 [JavaFX Application Thread] DEBUG Input                - Clearing active input actions
15:50:48.721 [JavaFX Application Thread] DEBUG GameApplicationServi - Removing overlay from StartupScene and adding to FXGLLoadingScene
15:50:48.721 [JavaFX Application Thread] DEBUG MainWindow           - StartupScene -> FXGLLoadingScene
15:50:48.721 [JavaFX Application Thread] DEBUG GameApplicationServi - Clearing previous game
15:50:48.721 [JavaFX Application Thread] DEBUG GameScene            - Clearing game scene
15:50:48.721 [JavaFX Application Thread] DEBUG GameWorld            - Clearing game world
15:50:48.721 [JavaFX Application Thread] DEBUG PhysicsWorld         - Clearing physics world
15:50:48.723 [FXGL Background Thread 4 ] DEBUG FXGLApplication      - Initializing game
15:50:48.730 [JavaFX Application Thread] DEBUG FXGLApplication      - Registering font factories with UI factory
15:50:48.764 [FXGL Background Thread 4 ] INFO  FXGLApplication      - Game initialization took: 0.041 sec
15:50:48.775 [JavaFX Application Thread] DEBUG Input                - Clearing active input actions
15:50:48.780 [JavaFX Application Thread] DEBUG GameApplicationServi - Removing overlay from FXGLLoadingScene and adding to GameScene
15:50:48.781 [JavaFX Application Thread] DEBUG MainWindow           - FXGLLoadingScene -> GameScene
15:50:49.080 [FXGL Background Thread 2 ] INFO  UpdaterService       - Your current version:  11.12
15:50:49.081 [FXGL Background Thread 2 ] INFO  UpdaterService       - Latest stable version: 11.17
15:50:50.292 [JavaFX Application Thread] DEBUG MainWindow           - Push state: DialogSubScene
15:50:50.292 [JavaFX Application Thread] DEBUG Input                - Clearing active input actions
15:50:50.295 [JavaFX Application Thread] DEBUG GameApplicationServi - Removing overlay from GameScene and adding to DialogSubScene
15:50:50.295 [JavaFX Application Thread] DEBUG MainWindow           - GameScene -> DialogSubScene
15:50:51.178 [JavaFX Application Thread] DEBUG MainWindow           - Pop state: DialogSubScene
15:50:51.179 [JavaFX Application Thread] DEBUG Input                - Clearing active input actions
15:50:51.180 [JavaFX Application Thread] DEBUG GameApplicationServi - Removing overlay from DialogSubScene and adding to GameScene
15:50:51.181 [JavaFX Application Thread] DEBUG MainWindow           - GameScene <- DialogSubScene
15:50:51.657 [FXGL Background Thread 3 ] DEBUG Engine               - Logging environment variables
15:50:51.659 [FXGL Background Thread 3 ] DEBUG Engine               - achievements: []
15:50:51.659 [FXGL Background Thread 3 ] DEBUG Engine               - actualHeight: 600.0
15:50:51.659 [FXGL Background Thread 3 ] DEBUG Engine               - actualHeightProperty: ReadOnlyDoubleProperty [value: 600.0]
15:50:51.659 [FXGL Background Thread 3 ] DEBUG Engine               - actualWidth: 1415.0
15:50:51.659 [FXGL Background Thread 3 ] DEBUG Engine               - actualWidthProperty: ReadOnlyDoubleProperty [value: 1415.0]
15:50:51.659 [FXGL Background Thread 3 ] DEBUG Engine               - appIcon: fxgl_icon.png
15:50:51.659 [FXGL Background Thread 3 ] DEBUG Engine               - applicationMode: DEVELOPER
15:50:51.660 [FXGL Background Thread 3 ] DEBUG Engine               - cSSList: [fxgl_dark.css]
15:50:51.660 [FXGL Background Thread 3 ] DEBUG Engine               - configClass: Optional.empty
15:50:51.660 [FXGL Background Thread 3 ] DEBUG Engine               - credits: []
15:50:51.660 [FXGL Background Thread 3 ] DEBUG Engine               - devBBoxColorProperty: ObjectProperty [value: 0xff0000ff]
15:50:51.660 [FXGL Background Thread 3 ] DEBUG Engine               - devEnableDebugCameraProperty: BooleanProperty [value: false]
15:50:51.660 [FXGL Background Thread 3 ] DEBUG Engine               - devSensorColorProperty: ObjectProperty [value: 0xffff00ff]
15:50:51.660 [FXGL Background Thread 3 ] DEBUG Engine               - devShowBBoxProperty: BooleanProperty [value: false]
15:50:51.660 [FXGL Background Thread 3 ] DEBUG Engine               - devShowPositionProperty: BooleanProperty [value: false]
15:50:51.661 [FXGL Background Thread 3 ] DEBUG Engine               - enabledMenuItems: []
15:50:51.661 [FXGL Background Thread 3 ] DEBUG Engine               - engineServices: [class com.almasb.fxgl.app.FXGLApplication$GameApplicationService, class com.almasb.fxgl.app.services.FXGLDialogService, class com.almasb.fxgl.app.services.IOTaskExecutorService, class com.almasb.fxgl.event.EventBusService, class com.almasb.fxgl.io.FileSystemService, class com.almasb.fxgl.localization.LocalizationService, class com.almasb.fxgl.app.services.FXGLAssetLoaderService, class com.almasb.fxgl.app.services.SystemBundleService, class com.almasb.fxgl.profile.SaveLoadService, class com.almasb.fxgl.ui.FXGLUIFactoryServiceProvider, class com.almasb.fxgl.ui.FXGLDialogFactoryServiceProvider, class com.almasb.fxgl.audio.AudioPlayer, class com.almasb.fxgl.notification.impl.NotificationServiceProvider, class com.almasb.fxgl.achievement.AchievementService, class com.almasb.fxgl.cutscene.CutsceneService, class com.almasb.fxgl.minigames.MiniGameService, class com.almasb.fxgl.net.NetService, class com.almasb.fxgl.app.services.UpdaterService, class com.almasb.fxgl.dev.DevService]
15:50:51.661 [FXGL Background Thread 3 ] DEBUG Engine               - fontGame: Abel-Regular.ttf
15:50:51.661 [FXGL Background Thread 3 ] DEBUG Engine               - fontMono: lucida_console.ttf
15:50:51.661 [FXGL Background Thread 3 ] DEBUG Engine               - fontText: Courier-Prime.ttf
15:50:51.661 [FXGL Background Thread 3 ] DEBUG Engine               - fontUI: VarelaRound-Regular.ttf
15:50:51.661 [FXGL Background Thread 3 ] DEBUG Engine               - fullScreen: BooleanProperty [value: false]
15:50:51.661 [FXGL Background Thread 3 ] DEBUG Engine               - gameDifficulty: MEDIUM
15:50:51.661 [FXGL Background Thread 3 ] DEBUG Engine               - gameDifficultyProperty: ObjectProperty [value: MEDIUM]
15:50:51.662 [FXGL Background Thread 3 ] DEBUG Engine               - globalMusicVolume: 0.5
15:50:51.662 [FXGL Background Thread 3 ] DEBUG Engine               - globalMusicVolumeProperty: DoubleProperty [value: 0.5]
15:50:51.662 [FXGL Background Thread 3 ] DEBUG Engine               - globalSoundVolume: 0.5
15:50:51.662 [FXGL Background Thread 3 ] DEBUG Engine               - globalSoundVolumeProperty: DoubleProperty [value: 0.5]
15:50:51.662 [FXGL Background Thread 3 ] DEBUG Engine               - height: 800
15:50:51.662 [FXGL Background Thread 3 ] DEBUG Engine               - isAndroid: false
15:50:51.662 [FXGL Background Thread 3 ] DEBUG Engine               - isBrowser: false
15:50:51.662 [FXGL Background Thread 3 ] DEBUG Engine               - isClickFeedbackEnabled: false
15:50:51.663 [FXGL Background Thread 3 ] DEBUG Engine               - isCloseConfirmation: false
15:50:51.663 [FXGL Background Thread 3 ] DEBUG Engine               - isDesktop: true
15:50:51.663 [FXGL Background Thread 3 ] DEBUG Engine               - isDeveloperMenuEnabled: false
15:50:51.663 [FXGL Background Thread 3 ] DEBUG Engine               - isEntityPreloadEnabled: true
15:50:51.663 [FXGL Background Thread 3 ] DEBUG Engine               - isExperimental3D: false
15:50:51.663 [FXGL Background Thread 3 ] DEBUG Engine               - isExperimentalNative: false
15:50:51.663 [FXGL Background Thread 3 ] DEBUG Engine               - isExperimentalTiledLargeMap: false
15:50:51.663 [FXGL Background Thread 3 ] DEBUG Engine               - isFileSystemWriteAllowed: true
15:50:51.663 [FXGL Background Thread 3 ] DEBUG Engine               - isFullScreenAllowed: false
15:50:51.663 [FXGL Background Thread 3 ] DEBUG Engine               - isFullScreenFromStart: false
15:50:51.664 [FXGL Background Thread 3 ] DEBUG Engine               - isGameMenuEnabled: true
15:50:51.664 [FXGL Background Thread 3 ] DEBUG Engine               - isIOS: false
15:50:51.664 [FXGL Background Thread 3 ] DEBUG Engine               - isIntroEnabled: false
15:50:51.664 [FXGL Background Thread 3 ] DEBUG Engine               - isLinux: false
15:50:51.664 [FXGL Background Thread 3 ] DEBUG Engine               - isMac: true
15:50:51.664 [FXGL Background Thread 3 ] DEBUG Engine               - isMainMenuEnabled: false
15:50:51.664 [FXGL Background Thread 3 ] DEBUG Engine               - isManualResizeEnabled: true
15:50:51.664 [FXGL Background Thread 3 ] DEBUG Engine               - isMobile: false
15:50:51.664 [FXGL Background Thread 3 ] DEBUG Engine               - isPreserveResizeRatio: true
15:50:51.664 [FXGL Background Thread 3 ] DEBUG Engine               - isProfilingEnabled: false
15:50:51.664 [FXGL Background Thread 3 ] DEBUG Engine               - isScaleAffectedOnResize: true
15:50:51.665 [FXGL Background Thread 3 ] DEBUG Engine               - isSingleStep: false
15:50:51.665 [FXGL Background Thread 3 ] DEBUG Engine               - isUserProfileEnabled: false
15:50:51.665 [FXGL Background Thread 3 ] DEBUG Engine               - isWindows: false
15:50:51.665 [FXGL Background Thread 3 ] DEBUG Engine               - language: ObjectProperty [value: ENGLISH]
15:50:51.665 [FXGL Background Thread 3 ] DEBUG Engine               - menuKey: ESCAPE
15:50:51.666 [FXGL Background Thread 3 ] DEBUG Engine               - notificationViewClass: class com.almasb.fxgl.notification.view.XboxNotificationView
15:50:51.666 [FXGL Background Thread 3 ] DEBUG Engine               - pixelsPerMeter: 50.0
15:50:51.666 [FXGL Background Thread 3 ] DEBUG Engine               - platform: MAC
15:50:51.666 [FXGL Background Thread 3 ] DEBUG Engine               - prefHeightProperty: ReadOnlyDoubleProperty [value: 800.0]
15:50:51.666 [FXGL Background Thread 3 ] DEBUG Engine               - prefWidthProperty: ReadOnlyDoubleProperty [value: 1920.0]
15:50:51.666 [FXGL Background Thread 3 ] DEBUG Engine               - profileDir: profiles/
15:50:51.666 [FXGL Background Thread 3 ] DEBUG Engine               - profileName: StringProperty [value: DEFAULT]
15:50:51.667 [FXGL Background Thread 3 ] DEBUG Engine               - randomSeed: -1
15:50:51.667 [FXGL Background Thread 3 ] DEBUG Engine               - runtimeInfo: RuntimeInfo(platform=MAC, version=11.12, build=11.12.2020 08.51)
15:50:51.667 [FXGL Background Thread 3 ] DEBUG Engine               - saveFileExt: sav
15:50:51.667 [FXGL Background Thread 3 ] DEBUG Engine               - scaledHeightProp$fxgl: DoubleProperty [bound, value: 600.0]
15:50:51.667 [FXGL Background Thread 3 ] DEBUG Engine               - scaledWidthProp$fxgl: DoubleProperty [bound, value: 1415.0]
15:50:51.667 [FXGL Background Thread 3 ] DEBUG Engine               - sceneFactory: com.almasb.fxgl.app.scene.SceneFactory@7ed09289
15:50:51.667 [FXGL Background Thread 3 ] DEBUG Engine               - secondsIn24h: 60
15:50:51.667 [FXGL Background Thread 3 ] DEBUG Engine               - soundMenuBack: menu/back.wav
15:50:51.667 [FXGL Background Thread 3 ] DEBUG Engine               - soundMenuPress: menu/press.wav
15:50:51.667 [FXGL Background Thread 3 ] DEBUG Engine               - soundMenuSelect: menu/select.wav
15:50:51.667 [FXGL Background Thread 3 ] DEBUG Engine               - soundNotification: core/notification.wav
15:50:51.667 [FXGL Background Thread 3 ] DEBUG Engine               - stageStyle: DECORATED
15:50:51.668 [FXGL Background Thread 3 ] DEBUG Engine               - supportedLanguages: [ENGLISH, FRENCH, GERMAN, HUNGARIAN, RUSSIAN]
15:50:51.668 [FXGL Background Thread 3 ] DEBUG Engine               - title: TOWER DEFENSE GAME
15:50:51.668 [FXGL Background Thread 3 ] DEBUG Engine               - urlGithub: https://github.com/AlmasB/FXGL
15:50:51.668 [FXGL Background Thread 3 ] DEBUG Engine               - urlLeaderboard: http://fxgl-top.herokuapp.com/
15:50:51.668 [FXGL Background Thread 3 ] DEBUG Engine               - urlPOM: https://raw.githubusercontent.com/AlmasB/FXGL/master/README.md
15:50:51.668 [FXGL Background Thread 3 ] DEBUG Engine               - version: 0.0
15:50:51.668 [FXGL Background Thread 3 ] DEBUG Engine               - versionCheckDays: 7
15:50:51.668 [FXGL Background Thread 3 ] DEBUG Engine               - width: 1920
15:50:51.668 [FXGL Background Thread 3 ] DEBUG Engine               - Logging services
15:50:51.668 [FXGL Background Thread 3 ] DEBUG Engine               - class com.almasb.fxgl.app.FXGLApplication$GameApplicationService
15:50:51.668 [FXGL Background Thread 3 ] DEBUG Engine               - class com.almasb.fxgl.app.services.FXGLDialogService
15:50:51.668 [FXGL Background Thread 3 ] DEBUG Engine               - class com.almasb.fxgl.app.services.IOTaskExecutorService
15:50:51.668 [FXGL Background Thread 3 ] DEBUG Engine               - class com.almasb.fxgl.event.EventBusService
15:50:51.668 [FXGL Background Thread 3 ] DEBUG Engine               - class com.almasb.fxgl.io.FileSystemService
15:50:51.669 [FXGL Background Thread 3 ] DEBUG Engine               - class com.almasb.fxgl.localization.LocalizationService
15:50:51.669 [FXGL Background Thread 3 ] DEBUG Engine               - class com.almasb.fxgl.app.services.FXGLAssetLoaderService
15:50:51.669 [FXGL Background Thread 3 ] DEBUG Engine               - class com.almasb.fxgl.app.services.SystemBundleService
15:50:51.669 [FXGL Background Thread 3 ] DEBUG Engine               - class com.almasb.fxgl.profile.SaveLoadService
15:50:51.669 [FXGL Background Thread 3 ] DEBUG Engine               - class com.almasb.fxgl.ui.FXGLUIFactoryServiceProvider
15:50:51.669 [FXGL Background Thread 3 ] DEBUG Engine               - class com.almasb.fxgl.ui.FXGLDialogFactoryServiceProvider
15:50:51.669 [FXGL Background Thread 3 ] DEBUG Engine               - class com.almasb.fxgl.audio.AudioPlayer
15:50:51.669 [FXGL Background Thread 3 ] DEBUG Engine               - class com.almasb.fxgl.notification.impl.NotificationServiceProvider
15:50:51.669 [FXGL Background Thread 3 ] DEBUG Engine               - class com.almasb.fxgl.achievement.AchievementService
15:50:51.669 [FXGL Background Thread 3 ] DEBUG Engine               - class com.almasb.fxgl.cutscene.CutsceneService
15:50:51.669 [FXGL Background Thread 3 ] DEBUG Engine               - class com.almasb.fxgl.minigames.MiniGameService
15:50:51.669 [FXGL Background Thread 3 ] DEBUG Engine               - class com.almasb.fxgl.net.NetService
15:50:51.669 [FXGL Background Thread 3 ] DEBUG Engine               - class com.almasb.fxgl.app.services.UpdaterService
15:50:51.669 [FXGL Background Thread 3 ] DEBUG Engine               - class com.almasb.fxgl.dev.DevService
15:50:52.016 [JavaFX Application Thread] DEBUG FXGLAssetLoaderServi - Loading from file system: /assets/textures/monuments/monument1.png
15:50:52.040 [JavaFX Application Thread] DEBUG FXGLAssetLoaderServi - Loading from file system: /assets/textures/monuments/monument2.png
15:50:52.057 [JavaFX Application Thread] DEBUG FXGLAssetLoaderServi - Loading from file system: /assets/textures/monuments/monument3.png
15:50:52.073 [JavaFX Application Thread] DEBUG FXGLAssetLoaderServi - Loading from file system: /assets/textures//icons/coin-icon.png
15:50:52.078 [JavaFX Application Thread] DEBUG FXGLAssetLoaderServi - Loading from cache: /assets/textures//icons/coin-icon.png@20.0x20.0
15:50:52.078 [JavaFX Application Thread] DEBUG FXGLAssetLoaderServi - Loading from cache: /assets/textures//icons/coin-icon.png@20.0x20.0
15:50:52.973 [JavaFX Application Thread] DEBUG FXGLAssetLoaderServi - Loading from file system: /assets/textures/monuments/player_tower.png
15:50:52.986 [JavaFX Application Thread] DEBUG FXGLAssetLoaderServi - Loading from file system: /assets/textures/monuments/enemy_tower.png
15:50:52.990 [JavaFX Application Thread] DEBUG FXGLAssetLoaderServi - Loading from file system: /assets/textures/desert/01_Sky.png
15:50:53.019 [JavaFX Application Thread] DEBUG FXGLAssetLoaderServi - Loading from file system: /assets/textures/desert/02_Stars.png
15:50:53.036 [JavaFX Application Thread] DEBUG FXGLAssetLoaderServi - Loading from file system: /assets/textures/desert/03_Moon.png
15:50:53.052 [JavaFX Application Thread] DEBUG FXGLAssetLoaderServi - Loading from file system: /assets/textures/desert/04_Cloud.png
15:50:53.069 [JavaFX Application Thread] DEBUG FXGLAssetLoaderServi - Loading from file system: /assets/textures/desert/05_Cloud.png
15:50:53.082 [JavaFX Application Thread] DEBUG FXGLAssetLoaderServi - Loading from file system: /assets/textures/desert/06_Cloud.png
15:50:53.096 [JavaFX Application Thread] DEBUG FXGLAssetLoaderServi - Loading from file system: /assets/textures/desert/07_Cloud.png
15:50:53.111 [JavaFX Application Thread] DEBUG FXGLAssetLoaderServi - Loading from file system: /assets/textures/desert/08_Cloud.png
15:50:53.126 [JavaFX Application Thread] DEBUG FXGLAssetLoaderServi - Loading from file system: /assets/textures/desert/09_Cloudsmall.png
15:50:53.136 [JavaFX Application Thread] DEBUG FXGLAssetLoaderServi - Loading from file system: /assets/textures/desert/10_Cloudsmall.png
15:50:53.148 [JavaFX Application Thread] DEBUG FXGLAssetLoaderServi - Loading from file system: /assets/textures/desert/11_Mountains.png
15:50:53.170 [JavaFX Application Thread] DEBUG FXGLAssetLoaderServi - Loading from file system: /assets/textures/desert/12_Desert.png
15:50:53.198 [JavaFX Application Thread] DEBUG FXGLAssetLoaderServi - Loading from cache: /assets/textures//icons/coin-icon.png@20.0x20.0
15:50:53.199 [JavaFX Application Thread] DEBUG FXGLAssetLoaderServi - Loading from cache: /assets/textures/monuments/player_tower.png
15:50:53.200 [JavaFX Application Thread] DEBUG FXGLAssetLoaderServi - Loading from cache: /assets/textures/monuments/enemy_tower.png
15:50:53.200 [JavaFX Application Thread] DEBUG Input                - Registered new binding: Unlock tower - X
15:50:53.201 [JavaFX Application Thread] DEBUG FXGLAssetLoaderServi - Loading from file system: /assets/textures/monuments/monument3.png
15:51:00.422 [JavaFX Application Thread] DEBUG FXGLAssetLoaderServi - Loading from cache: /assets/textures/monuments/enemy_tower.png
15:51:07.576 [JavaFX Application Thread] DEBUG FXGLApplication      - Exiting FXGL
15:51:07.576 [JavaFX Application Thread] DEBUG LoopRunner           - Stopping loop
15:51:07.576 [JavaFX Application Thread] DEBUG SystemBundleService  - Saving FXGL system data
15:51:07.577 [JavaFX Application Thread] DEBUG FileSystemAccess     - Writing to: /Users/surabhishetty/Desktop/tower-defense-team/system/fxgl.bundle
15:51:07.578 [JavaFX Application Thread] DEBUG Async                - Shutting down background threads
15:51:07.578 [JavaFX Application Thread] DEBUG MainWindow           - Closing main window
15:51:07.585 [JavaFX Application Thread] DEBUG Logger               - Closing Logger
